Log from: 2022-12-27 21:16:28
TEST2
CRUD operations started

Create operations started
Create operations completed

Read operations started
a. Gesamtanzahl der verfügbaren Filme
--> Query: Read.java, Z. 28-70
    0
b. Anzahl der unterschiedlichen Filme je Standort
--> Query: Read.java, Z. 34-53
c. Die Vor- und Nachnamen der 10 Schauspieler mit den meisten Filmen, absteigend sortiert
--> Query: Read.java, Z. 75-114
d. Die Erlöse je Mitarbeiter
--> Query: Read.java, Z. 136-165
e. Die IDs der 10 Kunden mit den meisten Entleihungen
--> Query: Read.java, Z. 169-197
f. Die Vor- und Nachnamen sowie die Niederlassung der 10 Kunden, die das meiste Geld ausgegeben haben
--> Query: Read.java, Z. 202-268
g. Die 10 meistgesehenen Filme unter Angabe des Titels, absteigend sortiert
--> Query: Read.java, Z. 273-332
h. Die 3 meistgesehenen Filmkategorien
--> Query: Read.java, Z. 337-400
i. Eine Sicht auf die Kunden mit allen relevanten Informationen wie im View „customer_list“ der vorhandenen Postgres-Datenbank
--> Query: Read.java, Z.404 - 488
Show View
Read operations completed

Update operations started
a. Vergebt allen Mitarbeitern ein neues, sicheres Passwort
--> Query: Update.java, Z. 38-39
b. Erzeugt einen neuen Standort (mit einer fiktiven Adresse) und verlegt das Inventar der beiden bisherigen Standorte dorthin
--> Query: Update.java, Z. 51-70, 77-89
    {"_id": {"$oid": "63ab60af6f4b56a7e8cc4bc0"}, "store_id": "3", "manager_staff_id": "3", "address_id": "3", "last_update": "2022-12-27 21:16:31"}
    Die ersten 10 Einträge aus inventory:
Update operations completed

Delete operations started
a. Löscht alle Filme, die weniger als 60 Minuten Spielzeit haben
--> Query: Delete.java, Z. 31-43
    Anzahl der Filme vor dem Löschen: 0
    Anzahl der Filme nach dem Löschen: 0
    0 Filme wurden gelöscht
b. Löscht alle damit zusammenhängenden Entleihungen
--> Query: Delete.java, Z. 58-72, 78-83
    Anzahl der Filme im Inventar vor dem Löschen: 0
    Anzahl der Filme im Inventar nach dem Löschen: 0
    0 Inventory-Dokumente wurden gelöscht
    Anzahl der Ausleihungen vor dem Löschen: 0
    Anzahl der Ausleihungen nach dem Löschen: 0
    0 Ausleihungen wurden gelöscht
Delete operations completed

CRUD operations completed
